\BOOKMARK [1][-]{section.1}{\376\377\000G\000e\000n\000e\000r\000a\000l}{}% 1
\BOOKMARK [2][-]{subsection.1.1}{\376\377\000T\000e\000r\000m\000i\000n\000o\000l\000o\000g\000y}{section.1}% 2
\BOOKMARK [2][-]{subsection.1.2}{\376\377\000G\000e\000n\000e\000r\000a\000l\000\040\000S\000t\000r\000u\000c\000t\000u\000r\000e\000\040\000o\000f\000\040\000a\000\040\000S\000Q\000L\000\040\000Q\000u\000e\000r\000y}{section.1}% 3
\BOOKMARK [2][-]{subsection.1.3}{\376\377\000Q\000u\000e\000r\000y\000\040\000E\000x\000e\000c\000u\000t\000i\000o\000n\000\040\000O\000r\000d\000e\000r}{section.1}% 4
\BOOKMARK [2][-]{subsection.1.4}{\376\377\000T\000R\000U\000N\000C\000A\000T\000E\000\040\000v\000s\000\040\000D\000R\000O\000P\000\040\000v\000s\000\040\000D\000E\000L\000E\000T\000E}{section.1}% 5
\BOOKMARK [2][-]{subsection.1.5}{\376\377\000J\000O\000I\000N\000\040\000D\000i\000f\000f\000e\000r\000e\000n\000c\000e\000s}{section.1}% 6
\BOOKMARK [2][-]{subsection.1.6}{\376\377\000N\000U\000L\000L\000\040\000B\000e\000h\000a\000v\000i\000o\000r}{section.1}% 7
\BOOKMARK [2][-]{subsection.1.7}{\376\377\000W\000H\000E\000R\000E\000\040\000v\000s\000\040\000H\000A\000V\000I\000N\000G}{section.1}% 8
\BOOKMARK [2][-]{subsection.1.8}{\376\377\000G\000R\000O\000U\000P\000\040\000B\000Y\000\040\000R\000u\000l\000e}{section.1}% 9
\BOOKMARK [2][-]{subsection.1.9}{\376\377\000O\000R\000D\000E\000R\000\040\000B\000Y\000\040\000v\000s\000\040\000G\000R\000O\000U\000P\000\040\000B\000Y}{section.1}% 10
\BOOKMARK [2][-]{subsection.1.10}{\376\377\000C\000O\000U\000N\000T\000\040\000D\000i\000f\000f\000e\000r\000e\000n\000c\000e\000s}{section.1}% 11
\BOOKMARK [2][-]{subsection.1.11}{\376\377\000D\000I\000S\000T\000I\000N\000C\000T}{section.1}% 12
\BOOKMARK [2][-]{subsection.1.12}{\376\377\000J\000O\000I\000N\000\040\000C\000o\000n\000d\000i\000t\000i\000o\000n}{section.1}% 13
\BOOKMARK [2][-]{subsection.1.13}{\376\377\000C\000a\000r\000t\000e\000s\000i\000a\000n\000\040\000P\000r\000o\000d\000u\000c\000t}{section.1}% 14
\BOOKMARK [2][-]{subsection.1.14}{\376\377\000A\000l\000i\000a\000s\000e\000s}{section.1}% 15
\BOOKMARK [2][-]{subsection.1.15}{\376\377\000F\000R\000O\000M\000\040\000T\000a\000b\000l\000e\000\040\000v\000s\000\040\000D\000e\000r\000i\000v\000e\000d\000\040\000T\000a\000b\000l\000e\000\040\000\050\000S\000u\000b\000q\000u\000e\000r\000y\000\040\000/\000\040\000C\000T\000E\000\051}{section.1}% 16
\BOOKMARK [2][-]{subsection.1.16}{\376\377\000E\000X\000I\000S\000T\000S\000\040\000a\000n\000d\000\040\000S\000E\000L\000E\000C\000T\000\040\0001}{section.1}% 17
\BOOKMARK [1][-]{section.2}{\376\377\000P\000o\000s\000t\000g\000r\000e\000S\000Q\000L\000\040\000C\000o\000m\000m\000a\000n\000d\000s\000\040\000\050\000C\000o\000m\000p\000r\000e\000h\000e\000n\000s\000i\000v\000e\000\040\000C\000h\000e\000a\000t\000\040\000S\000h\000e\000e\000t\000\051}{}% 18
\BOOKMARK [2][-]{subsection.2.1}{\376\377\000S\000E\000L\000E\000C\000T}{section.2}% 19
\BOOKMARK [2][-]{subsection.2.2}{\376\377\000W\000H\000E\000R\000E}{section.2}% 20
\BOOKMARK [2][-]{subsection.2.3}{\376\377\000O\000R\000D\000E\000R\000\040\000B\000Y}{section.2}% 21
\BOOKMARK [2][-]{subsection.2.4}{\376\377\000D\000I\000S\000T\000I\000N\000C\000T}{section.2}% 22
\BOOKMARK [2][-]{subsection.2.5}{\376\377\000L\000I\000M\000I\000T\000\040\000/\000\040\000O\000F\000F\000S\000E\000T}{section.2}% 23
\BOOKMARK [2][-]{subsection.2.6}{\376\377\000G\000R\000O\000U\000P\000\040\000B\000Y}{section.2}% 24
\BOOKMARK [2][-]{subsection.2.7}{\376\377\000H\000A\000V\000I\000N\000G}{section.2}% 25
\BOOKMARK [2][-]{subsection.2.8}{\376\377\000J\000O\000I\000N}{section.2}% 26
\BOOKMARK [2][-]{subsection.2.9}{\376\377\000I\000N\000N\000E\000R\000\040\000J\000O\000I\000N}{section.2}% 27
\BOOKMARK [2][-]{subsection.2.10}{\376\377\000L\000E\000F\000T\000\040\000J\000O\000I\000N\000\040\000/\000\040\000L\000E\000F\000T\000\040\000O\000U\000T\000E\000R\000\040\000J\000O\000I\000N}{section.2}% 28
\BOOKMARK [2][-]{subsection.2.11}{\376\377\000R\000I\000G\000H\000T\000\040\000J\000O\000I\000N\000\040\000/\000\040\000R\000I\000G\000H\000T\000\040\000O\000U\000T\000E\000R\000\040\000J\000O\000I\000N}{section.2}% 29
\BOOKMARK [2][-]{subsection.2.12}{\376\377\000F\000U\000L\000L\000\040\000O\000U\000T\000E\000R\000\040\000J\000O\000I\000N}{section.2}% 30
\BOOKMARK [2][-]{subsection.2.13}{\376\377\000C\000R\000O\000S\000S\000\040\000J\000O\000I\000N}{section.2}% 31
\BOOKMARK [2][-]{subsection.2.14}{\376\377\000S\000E\000L\000F\000\040\000J\000O\000I\000N}{section.2}% 32
\BOOKMARK [2][-]{subsection.2.15}{\376\377\000N\000A\000T\000U\000R\000A\000L\000\040\000J\000O\000I\000N}{section.2}% 33
\BOOKMARK [2][-]{subsection.2.16}{\376\377\000J\000O\000I\000N\000\040\000U\000S\000I\000N\000G}{section.2}% 34
\BOOKMARK [2][-]{subsection.2.17}{\376\377\000L\000A\000T\000E\000R\000A\000L\000\040\000J\000O\000I\000N}{section.2}% 35
\BOOKMARK [2][-]{subsection.2.18}{\376\377\000A\000N\000T\000I\000\040\000J\000O\000I\000N\000\040\000\050\000p\000a\000t\000t\000e\000r\000n\000\051}{section.2}% 36
\BOOKMARK [2][-]{subsection.2.19}{\376\377\000S\000E\000M\000I\000\040\000J\000O\000I\000N\000\040\000\050\000p\000a\000t\000t\000e\000r\000n\000\051}{section.2}% 37
\BOOKMARK [2][-]{subsection.2.20}{\376\377\000I\000N\000S\000E\000R\000T}{section.2}% 38
\BOOKMARK [2][-]{subsection.2.21}{\376\377\000U\000P\000D\000A\000T\000E}{section.2}% 39
\BOOKMARK [2][-]{subsection.2.22}{\376\377\000D\000E\000L\000E\000T\000E}{section.2}% 40
\BOOKMARK [2][-]{subsection.2.23}{\376\377\000C\000A\000S\000E\000\040\000W\000H\000E\000N}{section.2}% 41
\BOOKMARK [2][-]{subsection.2.24}{\376\377\000I\000N}{section.2}% 42
\BOOKMARK [2][-]{subsection.2.25}{\376\377\000B\000E\000T\000W\000E\000E\000N}{section.2}% 43
\BOOKMARK [2][-]{subsection.2.26}{\376\377\000L\000I\000K\000E}{section.2}% 44
\BOOKMARK [2][-]{subsection.2.27}{\376\377\000N\000U\000L\000L\000\040\000C\000H\000E\000C\000K}{section.2}% 45
\BOOKMARK [2][-]{subsection.2.28}{\376\377\000A\000g\000g\000r\000e\000g\000a\000t\000e\000\040\000F\000u\000n\000c\000t\000i\000o\000n\000s}{section.2}% 46
\BOOKMARK [2][-]{subsection.2.29}{\376\377\000W\000i\000n\000d\000o\000w\000\040\000F\000u\000n\000c\000t\000i\000o\000n\000s}{section.2}% 47
\BOOKMARK [2][-]{subsection.2.30}{\376\377\000W\000I\000T\000H\000\040\000\050\000C\000T\000E\000\051}{section.2}% 48
\BOOKMARK [2][-]{subsection.2.31}{\376\377\000S\000u\000b\000q\000u\000e\000r\000i\000e\000s}{section.2}% 49
\BOOKMARK [2][-]{subsection.2.32}{\376\377\000U\000N\000I\000O\000N\000\040\000/\000\040\000U\000N\000I\000O\000N\000\040\000A\000L\000L}{section.2}% 50
\BOOKMARK [2][-]{subsection.2.33}{\376\377\000E\000X\000I\000S\000T\000S}{section.2}% 51
\BOOKMARK [2][-]{subsection.2.34}{\376\377\000I\000N\000D\000E\000X}{section.2}% 52
\BOOKMARK [2][-]{subsection.2.35}{\376\377\000T\000r\000a\000n\000s\000a\000c\000t\000i\000o\000n\000s}{section.2}% 53
\BOOKMARK [2][-]{subsection.2.36}{\376\377\000A\000L\000T\000E\000R\000\040\000T\000A\000B\000L\000E}{section.2}% 54
\BOOKMARK [2][-]{subsection.2.37}{\376\377\000D\000R\000O\000P\000\040\000T\000A\000B\000L\000E}{section.2}% 55
\BOOKMARK [2][-]{subsection.2.38}{\376\377\000T\000R\000U\000N\000C\000A\000T\000E}{section.2}% 56
\BOOKMARK [2][-]{subsection.2.39}{\376\377\000C\000R\000E\000A\000T\000E\000\040\000T\000A\000B\000L\000E}{section.2}% 57
\BOOKMARK [2][-]{subsection.2.40}{\376\377\000C\000R\000E\000A\000T\000E\000\040\000D\000A\000T\000A\000B\000A\000S\000E}{section.2}% 58
\BOOKMARK [2][-]{subsection.2.41}{\376\377\000C\000R\000E\000A\000T\000E\000\040\000V\000I\000E\000W}{section.2}% 59
\BOOKMARK [2][-]{subsection.2.42}{\376\377\000D\000R\000O\000P\000\040\000V\000I\000E\000W}{section.2}% 60
\BOOKMARK [2][-]{subsection.2.43}{\376\377\000I\000N\000S\000E\000R\000T\000\040\000I\000N\000T\000O\000\040\000.\000.\000.\000\040\000O\000N\000\040\000C\000O\000N\000F\000L\000I\000C\000T}{section.2}% 61
\BOOKMARK [2][-]{subsection.2.44}{\376\377\000U\000P\000S\000E\000R\000T\000\040\000\050\000O\000N\000\040\000C\000O\000N\000F\000L\000I\000C\000T\000\040\000D\000O\000\040\000U\000P\000D\000A\000T\000E\000\051}{section.2}% 62
\BOOKMARK [2][-]{subsection.2.45}{\376\377\000M\000E\000R\000G\000E}{section.2}% 63
\BOOKMARK [2][-]{subsection.2.46}{\376\377\000R\000E\000T\000U\000R\000N\000I\000N\000G}{section.2}% 64
\BOOKMARK [2][-]{subsection.2.47}{\376\377\000C\000O\000A\000L\000E\000S\000C\000E}{section.2}% 65
\BOOKMARK [2][-]{subsection.2.48}{\376\377\000N\000U\000L\000L\000I\000F}{section.2}% 66
\BOOKMARK [2][-]{subsection.2.49}{\376\377\000C\000A\000S\000T}{section.2}% 67
\BOOKMARK [2][-]{subsection.2.50}{\376\377\000:\000:\000\040\000t\000y\000p\000e\000\040\000c\000a\000s\000t\000i\000n\000g}{section.2}% 68
\BOOKMARK [2][-]{subsection.2.51}{\376\377\000S\000T\000R\000I\000N\000G\000\040\000F\000U\000N\000C\000T\000I\000O\000N\000S\000\040\000\050\000C\000O\000N\000C\000A\000T\000,\000\040\000S\000U\000B\000S\000T\000R\000I\000N\000G\000,\000\040\000L\000E\000N\000G\000T\000H\000\051}{section.2}% 69
\BOOKMARK [2][-]{subsection.2.52}{\376\377\000D\000A\000T\000E\000\040\000F\000U\000N\000C\000T\000I\000O\000N\000S\000\040\000\050\000N\000O\000W\000,\000\040\000C\000U\000R\000R\000E\000N\000T\000\137\000D\000A\000T\000E\000,\000\040\000A\000G\000E\000\051}{section.2}% 70
\BOOKMARK [2][-]{subsection.2.53}{\376\377\000I\000N\000T\000E\000R\000V\000A\000L}{section.2}% 71
\BOOKMARK [2][-]{subsection.2.54}{\376\377\000A\000R\000R\000A\000Y\000S}{section.2}% 72
\BOOKMARK [2][-]{subsection.2.55}{\376\377\000U\000N\000N\000E\000S\000T}{section.2}% 73
\BOOKMARK [2][-]{subsection.2.56}{\376\377\000J\000S\000O\000N\000\040\000/\000\040\000J\000S\000O\000N\000B\000\040\000O\000P\000E\000R\000A\000T\000I\000O\000N\000S}{section.2}% 74
\BOOKMARK [2][-]{subsection.2.57}{\376\377\000C\000T\000E\000\040\000R\000E\000C\000U\000R\000S\000I\000V\000E}{section.2}% 75
\BOOKMARK [2][-]{subsection.2.58}{\376\377\000W\000I\000N\000D\000O\000W\000\040\000F\000U\000N\000C\000T\000I\000O\000N\000S\000\040\000\050\000L\000E\000A\000D\000\051}{section.2}% 76
\BOOKMARK [2][-]{subsection.2.59}{\376\377\000W\000I\000N\000D\000O\000W\000\040\000F\000U\000N\000C\000T\000I\000O\000N\000S\000\040\000\050\000L\000A\000G\000\051}{section.2}% 77
\BOOKMARK [2][-]{subsection.2.60}{\376\377\000N\000T\000I\000L\000E}{section.2}% 78
\BOOKMARK [2][-]{subsection.2.61}{\376\377\000R\000O\000W\000\137\000N\000U\000M\000B\000E\000R}{section.2}% 79
\BOOKMARK [2][-]{subsection.2.62}{\376\377\000R\000A\000N\000K}{section.2}% 80
\BOOKMARK [2][-]{subsection.2.63}{\376\377\000D\000E\000N\000S\000E\000\137\000R\000A\000N\000K}{section.2}% 81
\BOOKMARK [2][-]{subsection.2.64}{\376\377\000P\000A\000R\000T\000I\000T\000I\000O\000N\000\040\000B\000Y}{section.2}% 82
\BOOKMARK [2][-]{subsection.2.65}{\376\377\000O\000V\000E\000R\000\040\000C\000L\000A\000U\000S\000E}{section.2}% 83
\BOOKMARK [2][-]{subsection.2.66}{\376\377\000E\000X\000P\000L\000A\000I\000N}{section.2}% 84
\BOOKMARK [2][-]{subsection.2.67}{\376\377\000E\000X\000P\000L\000A\000I\000N\000\040\000A\000N\000A\000L\000Y\000Z\000E}{section.2}% 85
\BOOKMARK [2][-]{subsection.2.68}{\376\377\000V\000A\000C\000U\000U\000M}{section.2}% 86
\BOOKMARK [2][-]{subsection.2.69}{\376\377\000A\000N\000A\000L\000Y\000Z\000E}{section.2}% 87
\BOOKMARK [2][-]{subsection.2.70}{\376\377\000R\000E\000I\000N\000D\000E\000X}{section.2}% 88
\BOOKMARK [2][-]{subsection.2.71}{\376\377\000G\000R\000A\000N\000T}{section.2}% 89
\BOOKMARK [2][-]{subsection.2.72}{\376\377\000R\000E\000V\000O\000K\000E}{section.2}% 90
\BOOKMARK [2][-]{subsection.2.73}{\376\377\000I\000F\000N\000U\000L\000L}{section.2}% 91
\BOOKMARK [2][-]{subsection.2.74}{\376\377\000U\000P\000P\000E\000R}{section.2}% 92
\BOOKMARK [2][-]{subsection.2.75}{\376\377\000L\000O\000W\000E\000R}{section.2}% 93
\BOOKMARK [2][-]{subsection.2.76}{\376\377\000C\000O\000L\000L\000A\000T\000E\000\040\000"\000C\000"}{section.2}% 94
\BOOKMARK [2][-]{subsection.2.77}{\376\377\000S\000T\000R\000I\000N\000G\000\137\000A\000G\000G}{section.2}% 95
\BOOKMARK [2][-]{subsection.2.78}{\376\377\000A\000R\000R\000A\000Y\000\137\000A\000G\000G}{section.2}% 96
\BOOKMARK [2][-]{subsection.2.79}{\376\377\000S\000I\000M\000I\000L\000A\000R\000\040\000T\000O}{section.2}% 97
\BOOKMARK [2][-]{subsection.2.80}{\376\377\000\176\000\040\000\050\000R\000e\000g\000e\000x\000\040\000M\000a\000t\000c\000h\000\040\000O\000p\000e\000r\000a\000t\000o\000r\000\051}{section.2}% 98
